WARNING:tensorflow:From main.py:57: The name tf.reset_default_graph is deprecated. Please use tf.compat.v1.reset_default_graph instead.

WARNING From main.py:57: The name tf.reset_default_graph is deprecated. Please use tf.compat.v1.reset_default_graph instead.

WARNING:tensorflow:From main.py:58: The name tf.Session is deprecated. Please use tf.compat.v1.Session instead.

WARNING From main.py:58: The name tf.Session is deprecated. Please use tf.compat.v1.Session instead.

2019-12-15 14:39:29.016762: I tensorflow/stream_executor/platform/default/dso_loader.cc:44] Successfully opened dynamic library libcuda.so.1
2019-12-15 14:39:29.034395: I tensorflow/core/common_runtime/gpu/gpu_device.cc:1618] Found device 0 with properties: 
name: Tesla P100-PCIE-16GB major: 6 minor: 0 memoryClockRate(GHz): 1.3285
pciBusID: 0000:04:00.0
2019-12-15 14:39:29.036298: I tensorflow/stream_executor/platform/default/dso_loader.cc:44] Successfully opened dynamic library libcudart.so.10.0
2019-12-15 14:39:29.053521: I tensorflow/stream_executor/platform/default/dso_loader.cc:44] Successfully opened dynamic library libcublas.so.10.0
2019-12-15 14:39:29.075614: I tensorflow/stream_executor/platform/default/dso_loader.cc:44] Successfully opened dynamic library libcufft.so.10.0
2019-12-15 14:39:29.115895: I tensorflow/stream_executor/platform/default/dso_loader.cc:44] Successfully opened dynamic library libcurand.so.10.0
2019-12-15 14:39:29.142323: I tensorflow/stream_executor/platform/default/dso_loader.cc:44] Successfully opened dynamic library libcusolver.so.10.0
2019-12-15 14:39:29.158673: I tensorflow/stream_executor/platform/default/dso_loader.cc:44] Successfully opened dynamic library libcusparse.so.10.0
2019-12-15 14:39:29.200015: I tensorflow/stream_executor/platform/default/dso_loader.cc:44] Successfully opened dynamic library libcudnn.so.7
2019-12-15 14:39:29.202307: I tensorflow/core/common_runtime/gpu/gpu_device.cc:1746] Adding visible gpu devices: 0
2019-12-15 14:39:29.202722: I tensorflow/core/platform/cpu_feature_guard.cc:142] Your CPU supports instructions that this TensorFlow binary was not compiled to use: SSE4.1 SSE4.2 AVX AVX2 FMA
2019-12-15 14:39:29.209516: I tensorflow/core/platform/profile_utils/cpu_utils.cc:94] CPU Frequency: 2399875000 Hz
2019-12-15 14:39:29.209719: I tensorflow/compiler/xla/service/service.cc:168] XLA service 0x564cf3887230 initialized for platform Host (this does not guarantee that XLA will be used). Devices:
2019-12-15 14:39:29.209738: I tensorflow/compiler/xla/service/service.cc:176]   StreamExecutor device (0): Host, Default Version
2019-12-15 14:39:29.210866: I tensorflow/core/common_runtime/gpu/gpu_device.cc:1618] Found device 0 with properties: 
name: Tesla P100-PCIE-16GB major: 6 minor: 0 memoryClockRate(GHz): 1.3285
pciBusID: 0000:04:00.0
2019-12-15 14:39:29.210903: I tensorflow/stream_executor/platform/default/dso_loader.cc:44] Successfully opened dynamic library libcudart.so.10.0
2019-12-15 14:39:29.210916: I tensorflow/stream_executor/platform/default/dso_loader.cc:44] Successfully opened dynamic library libcublas.so.10.0
2019-12-15 14:39:29.210927: I tensorflow/stream_executor/platform/default/dso_loader.cc:44] Successfully opened dynamic library libcufft.so.10.0
2019-12-15 14:39:29.210938: I tensorflow/stream_executor/platform/default/dso_loader.cc:44] Successfully opened dynamic library libcurand.so.10.0
2019-12-15 14:39:29.210949: I tensorflow/stream_executor/platform/default/dso_loader.cc:44] Successfully opened dynamic library libcusolver.so.10.0
2019-12-15 14:39:29.210960: I tensorflow/stream_executor/platform/default/dso_loader.cc:44] Successfully opened dynamic library libcusparse.so.10.0
2019-12-15 14:39:29.210972: I tensorflow/stream_executor/platform/default/dso_loader.cc:44] Successfully opened dynamic library libcudnn.so.7
2019-12-15 14:39:29.213059: I tensorflow/core/common_runtime/gpu/gpu_device.cc:1746] Adding visible gpu devices: 0
2019-12-15 14:39:29.213090: I tensorflow/stream_executor/platform/default/dso_loader.cc:44] Successfully opened dynamic library libcudart.so.10.0
2019-12-15 14:39:29.308571: I tensorflow/core/common_runtime/gpu/gpu_device.cc:1159] Device interconnect StreamExecutor with strength 1 edge matrix:
2019-12-15 14:39:29.308603: I tensorflow/core/common_runtime/gpu/gpu_device.cc:1165]      0 
2019-12-15 14:39:29.308613: I tensorflow/core/common_runtime/gpu/gpu_device.cc:1178] 0:   N 
2019-12-15 14:39:29.311594: I tensorflow/core/common_runtime/gpu/gpu_device.cc:1304] Created TensorFlow device (/job:localhost/replica:0/task:0/device:GPU:0 with 15216 MB memory) -> physical GPU (device: 0, name: Tesla P100-PCIE-16GB, pci bus id: 0000:04:00.0, compute capability: 6.0)
2019-12-15 14:39:29.313694: I tensorflow/compiler/xla/service/service.cc:168] XLA service 0x564cf3ec0500 initialized for platform CUDA (this does not guarantee that XLA will be used). Devices:
2019-12-15 14:39:29.313710: I tensorflow/compiler/xla/service/service.cc:176]   StreamExecutor device (0): Tesla P100-PCIE-16GB, Compute Capability 6.0
INFO   Y0_true: -9.4900e-01
WARNING:tensorflow:From /home/dz4/DeepBSDE/solver.py:229: The name tf.placeholder is deprecated. Please use tf.compat.v1.placeholder instead.

WARNING From /home/dz4/DeepBSDE/solver.py:229: The name tf.placeholder is deprecated. Please use tf.compat.v1.placeholder instead.

WARNING:tensorflow:From /home/dz4/DeepBSDE/solver.py:234: The name tf.random_uniform is deprecated. Please use tf.random.uniform instead.

WARNING From /home/dz4/DeepBSDE/solver.py:234: The name tf.random_uniform is deprecated. Please use tf.random.uniform instead.

WARNING:tensorflow:From /home/dz4/DeepBSDE/solver.py:306: The name tf.variable_scope is deprecated. Please use tf.compat.v1.variable_scope instead.

WARNING From /home/dz4/DeepBSDE/solver.py:306: The name tf.variable_scope is deprecated. Please use tf.compat.v1.variable_scope instead.

WARNING:tensorflow:From /home/dz4/DeepBSDE/solver.py:312: calling reduce_sum_v1 (from tensorflow.python.ops.math_ops) with keep_dims is deprecated and will be removed in a future version.
Instructions for updating:
keep_dims is deprecated, use keepdims instead
WARNING From /home/dz4/DeepBSDE/solver.py:312: calling reduce_sum_v1 (from tensorflow.python.ops.math_ops) with keep_dims is deprecated and will be removed in a future version.
Instructions for updating:
keep_dims is deprecated, use keepdims instead
WARNING:tensorflow:From /home/dz4/DeepBSDE/solver.py:482: The name tf.get_variable is deprecated. Please use tf.compat.v1.get_variable instead.

WARNING From /home/dz4/DeepBSDE/solver.py:482: The name tf.get_variable is deprecated. Please use tf.compat.v1.get_variable instead.

WARNING:tensorflow:From /home/dz4/DeepBSDE/solver.py:484: calling RandomNormal.__init__ (from tensorflow.python.ops.init_ops) with dtype is deprecated and will be removed in a future version.
Instructions for updating:
Call initializer instance with the dtype argument instead of passing it to the constructor
WARNING From /home/dz4/DeepBSDE/solver.py:484: calling RandomNormal.__init__ (from tensorflow.python.ops.init_ops) with dtype is deprecated and will be removed in a future version.
Instructions for updating:
Call initializer instance with the dtype argument instead of passing it to the constructor
WARNING:tensorflow:From /home/dz4/DeepBSDE/solver.py:487: calling RandomUniform.__init__ (from tensorflow.python.ops.init_ops) with dtype is deprecated and will be removed in a future version.
Instructions for updating:
Call initializer instance with the dtype argument instead of passing it to the constructor
WARNING From /home/dz4/DeepBSDE/solver.py:487: calling RandomUniform.__init__ (from tensorflow.python.ops.init_ops) with dtype is deprecated and will be removed in a future version.
Instructions for updating:
Call initializer instance with the dtype argument instead of passing it to the constructor
WARNING:tensorflow:From /home/dz4/DeepBSDE/solver.py:489: calling Constant.__init__ (from tensorflow.python.ops.init_ops) with dtype is deprecated and will be removed in a future version.
Instructions for updating:
Call initializer instance with the dtype argument instead of passing it to the constructor
WARNING From /home/dz4/DeepBSDE/solver.py:489: calling Constant.__init__ (from tensorflow.python.ops.init_ops) with dtype is deprecated and will be removed in a future version.
Instructions for updating:
Call initializer instance with the dtype argument instead of passing it to the constructor
WARNING:tensorflow:From /home/dz4/DeepBSDE/solver.py:325: where (from tensorflow.python.ops.array_ops) is deprecated and will be removed in a future version.
Instructions for updating:
Use tf.where in 2.0, which has the same broadcast rule as np.where
WARNING From /home/dz4/DeepBSDE/solver.py:325: where (from tensorflow.python.ops.array_ops) is deprecated and will be removed in a future version.
Instructions for updating:
Use tf.where in 2.0, which has the same broadcast rule as np.where
WARNING:tensorflow:From /home/dz4/DeepBSDE/solver.py:332: The name tf.train.piecewise_constant is deprecated. Please use tf.compat.v1.train.piecewise_constant instead.

WARNING From /home/dz4/DeepBSDE/solver.py:332: The name tf.train.piecewise_constant is deprecated. Please use tf.compat.v1.train.piecewise_constant instead.

WARNING:tensorflow:From /home/dz4/DeepBSDE/solver.py:335: The name tf.trainable_variables is deprecated. Please use tf.compat.v1.trainable_variables instead.

WARNING From /home/dz4/DeepBSDE/solver.py:335: The name tf.trainable_variables is deprecated. Please use tf.compat.v1.trainable_variables instead.

WARNING:tensorflow:From /home/dz4/DeepBSDE/solver.py:337: The name tf.train.AdamOptimizer is deprecated. Please use tf.compat.v1.train.AdamOptimizer instead.

WARNING From /home/dz4/DeepBSDE/solver.py:337: The name tf.train.AdamOptimizer is deprecated. Please use tf.compat.v1.train.AdamOptimizer instead.

WARNING:tensorflow:From /home/dz4/DeepBSDE/solver.py:192: The name tf.global_variables_initializer is deprecated. Please use tf.compat.v1.global_variables_initializer instead.

WARNING From /home/dz4/DeepBSDE/solver.py:192: The name tf.global_variables_initializer is deprecated. Please use tf.compat.v1.global_variables_initializer instead.

2019-12-15 14:40:41.325438: I tensorflow/stream_executor/platform/default/dso_loader.cc:44] Successfully opened dynamic library libcublas.so.10.0
INFO   step:     0,    loss: 1.3276e+02,   Y0: 2.4904e+00,  elapsed time  72
INFO   step:     1,    loss: 2.6104e+01,   Y0: 2.4854e+00,  elapsed time 112
INFO   step:     2,    loss: 2.6108e+01,   Y0: 2.4806e+00,  elapsed time 117
INFO   step:     3,    loss: 2.6104e+01,   Y0: 2.4758e+00,  elapsed time 123
INFO   step:     4,    loss: 2.6102e+01,   Y0: 2.4712e+00,  elapsed time 128
INFO   step:     5,    loss: 2.6096e+01,   Y0: 2.4664e+00,  elapsed time 133
INFO   step:     6,    loss: 2.6089e+01,   Y0: 2.4616e+00,  elapsed time 139
INFO   step:     7,    loss: 2.6087e+01,   Y0: 2.4567e+00,  elapsed time 144
INFO   step:     8,    loss: 2.6082e+01,   Y0: 2.4519e+00,  elapsed time 150
INFO   step:     9,    loss: 2.6078e+01,   Y0: 2.4472e+00,  elapsed time 155
INFO   step:    10,    loss: 2.6074e+01,   Y0: 2.4426e+00,  elapsed time 160
INFO   step:    11,    loss: 2.6074e+01,   Y0: 2.4380e+00,  elapsed time 166
INFO   step:    12,    loss: 2.6073e+01,   Y0: 2.4334e+00,  elapsed time 172
INFO   step:    13,    loss: 2.6071e+01,   Y0: 2.4295e+00,  elapsed time 176
INFO   step:    14,    loss: 2.6071e+01,   Y0: 2.4255e+00,  elapsed time 182
INFO   step:    15,    loss: 2.6066e+01,   Y0: 2.4215e+00,  elapsed time 187
INFO   step:    16,    loss: 2.6061e+01,   Y0: 2.4174e+00,  elapsed time 193
INFO   step:    17,    loss: 2.6055e+01,   Y0: 2.4134e+00,  elapsed time 198
INFO   step:    18,    loss: 2.6048e+01,   Y0: 2.4094e+00,  elapsed time 203
INFO   step:    19,    loss: 2.6043e+01,   Y0: 2.4054e+00,  elapsed time 208
INFO   step:    20,    loss: 2.6037e+01,   Y0: 2.4015e+00,  elapsed time 214
INFO   step:    21,    loss: 2.6032e+01,   Y0: 2.3975e+00,  elapsed time 219
INFO   step:    22,    loss: 2.6027e+01,   Y0: 2.3936e+00,  elapsed time 224
INFO   step:    23,    loss: 2.6023e+01,   Y0: 2.3899e+00,  elapsed time 230
INFO   step:    24,    loss: 2.6021e+01,   Y0: 2.3860e+00,  elapsed time 236
INFO   step:    25,    loss: 2.6018e+01,   Y0: 2.3820e+00,  elapsed time 241
INFO   step:    26,    loss: 2.6014e+01,   Y0: 2.3779e+00,  elapsed time 246
INFO   step:    27,    loss: 2.6009e+01,   Y0: 2.3740e+00,  elapsed time 251
INFO   step:    28,    loss: 2.6005e+01,   Y0: 2.3703e+00,  elapsed time 256
INFO   step:    29,    loss: 2.5998e+01,   Y0: 2.3668e+00,  elapsed time 262
INFO   step:    30,    loss: 2.5993e+01,   Y0: 2.3636e+00,  elapsed time 267
INFO   step:    31,    loss: 2.5989e+01,   Y0: 2.3604e+00,  elapsed time 272
INFO   step:    32,    loss: 2.5985e+01,   Y0: 2.3577e+00,  elapsed time 277
INFO   step:    33,    loss: 2.5981e+01,   Y0: 2.3549e+00,  elapsed time 282
INFO   step:    34,    loss: 2.5978e+01,   Y0: 2.3517e+00,  elapsed time 287
INFO   step:    35,    loss: 2.5975e+01,   Y0: 2.3487e+00,  elapsed time 292
INFO   step:    36,    loss: 2.5971e+01,   Y0: 2.3458e+00,  elapsed time 298
INFO   step:    37,    loss: 2.5968e+01,   Y0: 2.3432e+00,  elapsed time 303
INFO   step:    38,    loss: 2.5964e+01,   Y0: 2.3406e+00,  elapsed time 308
INFO   step:    39,    loss: 2.5961e+01,   Y0: 2.3382e+00,  elapsed time 313
INFO   step:    40,    loss: 2.5957e+01,   Y0: 2.3362e+00,  elapsed time 318
INFO   step:    41,    loss: 2.5953e+01,   Y0: 2.3341e+00,  elapsed time 323
INFO   step:    42,    loss: 2.5949e+01,   Y0: 2.3321e+00,  elapsed time 329
INFO   step:    43,    loss: 2.5945e+01,   Y0: 2.3303e+00,  elapsed time 334
INFO   step:    44,    loss: 2.5941e+01,   Y0: 2.3283e+00,  elapsed time 339
INFO   step:    45,    loss: 2.5938e+01,   Y0: 2.3266e+00,  elapsed time 344
INFO   step:    46,    loss: 2.5935e+01,   Y0: 2.3250e+00,  elapsed time 349
INFO   step:    47,    loss: 2.5931e+01,   Y0: 2.3231e+00,  elapsed time 354
INFO   step:    48,    loss: 2.5928e+01,   Y0: 2.3211e+00,  elapsed time 359
INFO   step:    49,    loss: 2.5924e+01,   Y0: 2.3191e+00,  elapsed time 364
INFO   step:    50,    loss: 2.5921e+01,   Y0: 2.3175e+00,  elapsed time 369
INFO   step:    51,    loss: 2.5919e+01,   Y0: 2.3161e+00,  elapsed time 375
INFO   step:    52,    loss: 2.5916e+01,   Y0: 2.3148e+00,  elapsed time 380
INFO   step:    53,    loss: 2.5914e+01,   Y0: 2.3135e+00,  elapsed time 385
INFO   step:    54,    loss: 2.5913e+01,   Y0: 2.3124e+00,  elapsed time 390
INFO   step:    55,    loss: 2.5910e+01,   Y0: 2.3117e+00,  elapsed time 395
INFO   step:    56,    loss: 2.5906e+01,   Y0: 2.3108e+00,  elapsed time 400
INFO   step:    57,    loss: 2.5904e+01,   Y0: 2.3103e+00,  elapsed time 405
INFO   step:    58,    loss: 2.5901e+01,   Y0: 2.3098e+00,  elapsed time 410
INFO   step:    59,    loss: 2.5897e+01,   Y0: 2.3092e+00,  elapsed time 416
INFO   step:    60,    loss: 2.5894e+01,   Y0: 2.3088e+00,  elapsed time 421
INFO   step:    61,    loss: 2.5891e+01,   Y0: 2.3085e+00,  elapsed time 426
INFO   step:    62,    loss: 2.5889e+01,   Y0: 2.3084e+00,  elapsed time 431
INFO   step:    63,    loss: 2.5887e+01,   Y0: 2.3079e+00,  elapsed time 436
INFO   step:    64,    loss: 2.5884e+01,   Y0: 2.3076e+00,  elapsed time 441
INFO   step:    65,    loss: 2.5881e+01,   Y0: 2.3079e+00,  elapsed time 447
INFO   step:    66,    loss: 2.5878e+01,   Y0: 2.3081e+00,  elapsed time 452
INFO   step:    67,    loss: 2.5875e+01,   Y0: 2.3085e+00,  elapsed time 457
INFO   step:    68,    loss: 2.5872e+01,   Y0: 2.3088e+00,  elapsed time 462
INFO   step:    69,    loss: 2.5869e+01,   Y0: 2.3093e+00,  elapsed time 467
INFO   step:    70,    loss: 2.5867e+01,   Y0: 2.3096e+00,  elapsed time 472
INFO   step:    71,    loss: 2.5863e+01,   Y0: 2.3102e+00,  elapsed time 477
INFO   step:    72,    loss: 2.5860e+01,   Y0: 2.3105e+00,  elapsed time 482
INFO   step:    73,    loss: 2.5855e+01,   Y0: 2.3109e+00,  elapsed time 487
INFO   step:    74,    loss: 2.5852e+01,   Y0: 2.3112e+00,  elapsed time 493
INFO   step:    75,    loss: 2.5848e+01,   Y0: 2.3112e+00,  elapsed time 498
INFO   step:    76,    loss: 2.5845e+01,   Y0: 2.3117e+00,  elapsed time 503
INFO   step:    77,    loss: 2.5841e+01,   Y0: 2.3121e+00,  elapsed time 508
INFO   step:    78,    loss: 2.5837e+01,   Y0: 2.3128e+00,  elapsed time 513
INFO   step:    79,    loss: 2.5833e+01,   Y0: 2.3134e+00,  elapsed time 518
INFO   step:    80,    loss: 2.5828e+01,   Y0: 2.3134e+00,  elapsed time 523
INFO   step:    81,    loss: 2.5823e+01,   Y0: 2.3133e+00,  elapsed time 528
INFO   step:    82,    loss: 2.5818e+01,   Y0: 2.3129e+00,  elapsed time 533
INFO   step:    83,    loss: 2.5814e+01,   Y0: 2.3127e+00,  elapsed time 539
INFO   step:    84,    loss: 2.5809e+01,   Y0: 2.3127e+00,  elapsed time 544
INFO   step:    85,    loss: 2.5806e+01,   Y0: 2.3131e+00,  elapsed time 549
INFO   step:    86,    loss: 2.5803e+01,   Y0: 2.3138e+00,  elapsed time 554
INFO   step:    87,    loss: 2.5802e+01,   Y0: 2.3146e+00,  elapsed time 559
INFO   step:    88,    loss: 2.5800e+01,   Y0: 2.3154e+00,  elapsed time 564
INFO   step:    89,    loss: 2.5798e+01,   Y0: 2.3159e+00,  elapsed time 569
INFO   step:    90,    loss: 2.5796e+01,   Y0: 2.3154e+00,  elapsed time 575
INFO   step:    91,    loss: 2.5792e+01,   Y0: 2.3146e+00,  elapsed time 580
INFO   step:    92,    loss: 2.5788e+01,   Y0: 2.3141e+00,  elapsed time 585
INFO   step:    93,    loss: 2.5784e+01,   Y0: 2.3139e+00,  elapsed time 590
INFO   step:    94,    loss: 2.5781e+01,   Y0: 2.3134e+00,  elapsed time 595
INFO   step:    95,    loss: 2.5777e+01,   Y0: 2.3129e+00,  elapsed time 600
INFO   step:    96,    loss: 2.5773e+01,   Y0: 2.3123e+00,  elapsed time 606
INFO   step:    97,    loss: 2.5770e+01,   Y0: 2.3120e+00,  elapsed time 611
INFO   step:    98,    loss: 2.5767e+01,   Y0: 2.3120e+00,  elapsed time 616
INFO   step:    99,    loss: 2.5764e+01,   Y0: 2.3117e+00,  elapsed time 621
INFO   step:   100,    loss: 2.5761e+01,   Y0: 2.3115e+00,  elapsed time 626
INFO   step:   101,    loss: 2.5757e+01,   Y0: 2.3113e+00,  elapsed time 631
INFO   step:   102,    loss: 2.5753e+01,   Y0: 2.3111e+00,  elapsed time 636
INFO   step:   103,    loss: 2.5750e+01,   Y0: 2.3113e+00,  elapsed time 641
INFO   step:   104,    loss: 2.5745e+01,   Y0: 2.3116e+00,  elapsed time 647
INFO   step:   105,    loss: 2.5742e+01,   Y0: 2.3115e+00,  elapsed time 652
INFO   step:   106,    loss: 2.5740e+01,   Y0: 2.3114e+00,  elapsed time 657
INFO   step:   107,    loss: 2.5738e+01,   Y0: 2.3109e+00,  elapsed time 662
INFO   step:   108,    loss: 2.5736e+01,   Y0: 2.3105e+00,  elapsed time 667
INFO   step:   109,    loss: 2.5733e+01,   Y0: 2.3097e+00,  elapsed time 672
INFO   step:   110,    loss: 2.5729e+01,   Y0: 2.3088e+00,  elapsed time 678
INFO   step:   111,    loss: 2.5726e+01,   Y0: 2.3083e+00,  elapsed time 683
INFO   step:   112,    loss: 2.5724e+01,   Y0: 2.3077e+00,  elapsed time 688
INFO   step:   113,    loss: 2.5721e+01,   Y0: 2.3070e+00,  elapsed time 693
INFO   step:   114,    loss: 2.5718e+01,   Y0: 2.3065e+00,  elapsed time 698
INFO   step:   115,    loss: 2.5715e+01,   Y0: 2.3066e+00,  elapsed time 703
INFO   step:   116,    loss: 2.5712e+01,   Y0: 2.3064e+00,  elapsed time 708
INFO   step:   117,    loss: 2.5709e+01,   Y0: 2.3071e+00,  elapsed time 713
INFO   step:   118,    loss: 2.5706e+01,   Y0: 2.3080e+00,  elapsed time 718
INFO   step:   119,    loss: 2.5702e+01,   Y0: 2.3088e+00,  elapsed time 724
INFO   step:   120,    loss: 2.5700e+01,   Y0: 2.3097e+00,  elapsed time 729
INFO   step:   121,    loss: 2.5698e+01,   Y0: 2.3096e+00,  elapsed time 734
INFO   step:   122,    loss: 2.5696e+01,   Y0: 2.3094e+00,  elapsed time 739
INFO   step:   123,    loss: 2.5694e+01,   Y0: 2.3088e+00,  elapsed time 744
INFO   step:   124,    loss: 2.5691e+01,   Y0: 2.3086e+00,  elapsed time 749
INFO   step:   125,    loss: 2.5689e+01,   Y0: 2.3082e+00,  elapsed time 754
INFO   step:   126,    loss: 2.5687e+01,   Y0: 2.3083e+00,  elapsed time 759
INFO   step:   127,    loss: 2.5686e+01,   Y0: 2.3087e+00,  elapsed time 764
INFO   step:   128,    loss: 2.5684e+01,   Y0: 2.3089e+00,  elapsed time 769
INFO   step:   129,    loss: 2.5682e+01,   Y0: 2.3094e+00,  elapsed time 775
INFO   step:   130,    loss: 2.5680e+01,   Y0: 2.3103e+00,  elapsed time 779
INFO   step:   131,    loss: 2.5676e+01,   Y0: 2.3112e+00,  elapsed time 785
INFO   step:   132,    loss: 2.5672e+01,   Y0: 2.3121e+00,  elapsed time 790
INFO   step:   133,    loss: 2.5668e+01,   Y0: 2.3122e+00,  elapsed time 795
INFO   step:   134,    loss: 2.5665e+01,   Y0: 2.3130e+00,  elapsed time 800
INFO   step:   135,    loss: 2.5662e+01,   Y0: 2.3139e+00,  elapsed time 805
INFO   step:   136,    loss: 2.5659e+01,   Y0: 2.3146e+00,  elapsed time 811
INFO   step:   137,    loss: 2.5654e+01,   Y0: 2.3149e+00,  elapsed time 816
INFO   step:   138,    loss: 2.5649e+01,   Y0: 2.3153e+00,  elapsed time 821
INFO   step:   139,    loss: 2.5644e+01,   Y0: 2.3159e+00,  elapsed time 826
INFO   step:   140,    loss: 2.5640e+01,   Y0: 2.3166e+00,  elapsed time 831
INFO   step:   141,    loss: 2.5635e+01,   Y0: 2.3173e+00,  elapsed time 836
INFO   step:   142,    loss: 2.5630e+01,   Y0: 2.3181e+00,  elapsed time 841
INFO   step:   143,    loss: 2.5625e+01,   Y0: 2.3187e+00,  elapsed time 846
INFO   step:   144,    loss: 2.5619e+01,   Y0: 2.3197e+00,  elapsed time 851
INFO   step:   145,    loss: 2.5614e+01,   Y0: 2.3204e+00,  elapsed time 857
INFO   step:   146,    loss: 2.5610e+01,   Y0: 2.3206e+00,  elapsed time 862
INFO   step:   147,    loss: 2.5605e+01,   Y0: 2.3213e+00,  elapsed time 867
INFO   step:   148,    loss: 2.5601e+01,   Y0: 2.3215e+00,  elapsed time 872
INFO   step:   149,    loss: 2.5597e+01,   Y0: 2.3214e+00,  elapsed time 877
Delta:  100 ,  100.05
Other1:  -10.05 ,  -10
Other2:  -10.05 ,  -10
all_one_vec:  Tensor("ones:0", shape=(?, 1), dtype=float64)
y:  Tensor("mul:0", shape=(?, 1), dtype=float64)
z output:  [<tf.Tensor 'MatMul:0' shape=(?, 3) dtype=float64>, <tf.Tensor 'MatMul_1:0' shape=(?, 3) dtype=float64>, <tf.Tensor 'MatMul_2:0' shape=(?, 3) dtype=float64>, <tf.Tensor 'MatMul_3:0' shape=(?, 3) dtype=float64>, <tf.Tensor 'MatMul_4:0' shape=(?, 3) dtype=float64>, <tf.Tensor 'MatMul_5:0' shape=(?, 3) dtype=float64>, <tf.Tensor 'MatMul_6:0' shape=(?, 3) dtype=float64>, <tf.Tensor 'MatMul_7:0' shape=(?, 3) dtype=float64>, <tf.Tensor 'MatMul_8:0' shape=(?, 3) dtype=float64>, <tf.Tensor 'MatMul_9:0' shape=(?, 3) dtype=float64>, <tf.Tensor 'MatMul_10:0' shape=(?, 3) dtype=float64>, <tf.Tensor 'MatMul_11:0' shape=(?, 3) dtype=float64>, <tf.Tensor 'MatMul_12:0' shape=(?, 3) dtype=float64>, <tf.Tensor 'MatMul_13:0' shape=(?, 3) dtype=float64>, <tf.Tensor 'MatMul_14:0' shape=(?, 3) dtype=float64>, <tf.Tensor 'MatMul_15:0' shape=(?, 3) dtype=float64>, <tf.Tensor 'MatMul_16:0' shape=(?, 3) dtype=float64>, <tf.Tensor 'MatMul_17:0' shape=(?, 3) dtype=float64>, <tf.Tensor 'MatMul_18:0' shape=(?, 3) dtype=float64>, <tf.Tensor 'MatMul_19:0' shape=(?, 3) dtype=float64>, <tf.Tensor 'MatMul_20:0' shape=(?, 3) dtype=float64>, <tf.Tensor 'MatMul_21:0' shape=(?, 3) dtype=float64>, <tf.Tensor 'MatMul_22:0' shape=(?, 3) dtype=float64>, <tf.Tensor 'MatMul_23:0' shape=(?, 3) dtype=float64>, <tf.Tensor 'MatMul_24:0' shape=(?, 3) dtype=float64>, <tf.Tensor 'MatMul_25:0' shape=(?, 3) dtype=float64>, <tf.Tensor 'MatMul_26:0' shape=(?, 3) dtype=float64>, <tf.Tensor 'MatMul_27:0' shape=(?, 3) dtype=float64>, <tf.Tensor 'MatMul_28:0' shape=(?, 3) dtype=float64>, <tf.Tensor 'MatMul_29:0' shape=(?, 3) dtype=float64>, <tf.Tensor 'MatMul_30:0' shape=(?, 3) dtype=float64>, <tf.Tensor 'MatMul_31:0' shape=(?, 3) dtype=float64>, <tf.Tensor 'MatMul_32:0' shape=(?, 3) dtype=float64>, <tf.Tensor 'MatMul_33:0' shape=(?, 3) dtype=float64>, <tf.Tensor 'MatMul_34:0' shape=(?, 3) dtype=float64>, <tf.Tensor 'MatMul_35:0' shape=(?, 3) dtype=float64>, <tf.Tensor 'MatMul_36:0' shape=(?, 3) dtype=float64>, <tf.Tensor 'MatMul_37:0' shape=(?, 3) dtype=float64>, <tf.Tensor 'MatMul_38:0' shape=(?, 3) dtype=float64>, <tf.Tensor 'MatMul_39:0' shape=(?, 3) dtype=float64>, <tf.Tensor 'MatMul_40:0' shape=(?, 3) dtype=float64>, <tf.Tensor 'MatMul_41:0' shape=(?, 3) dtype=float64>, <tf.Tensor 'MatMul_42:0' shape=(?, 3) dtype=float64>, <tf.Tensor 'MatMul_43:0' shape=(?, 3) dtype=float64>, <tf.Tensor 'MatMul_44:0' shape=(?, 3) dtype=float64>, <tf.Tensor 'MatMul_45:0' shape=(?, 3) dtype=float64>, <tf.Tensor 'MatMul_46:0' shape=(?, 3) dtype=float64>, <tf.Tensor 'MatMul_47:0' shape=(?, 3) dtype=float64>, <tf.Tensor 'MatMul_48:0' shape=(?, 3) dtype=float64>, <tf.Tensor 'MatMul_49:0' shape=(?, 3) dtype=float64>, <tf.Tensor 'MatMul_50:0' shape=(?, 3) dtype=float64>, <tf.Tensor 'MatMul_51:0' shape=(?, 3) dtype=float64>, <tf.Tensor 'MatMul_52:0' shape=(?, 3) dtype=float64>, <tf.Tensor 'MatMul_53:0' shape=(?, 3) dtype=float64>, <tf.Tensor 'MatMul_54:0' shape=(?, 3) dtype=float64>, <tf.Tensor 'MatMul_55:0' shape=(?, 3) dtype=float64>, <tf.Tensor 'MatMul_56:0' shape=(?, 3) dtype=float64>, <tf.Tensor 'MatMul_57:0' shape=(?, 3) dtype=float64>, <tf.Tensor 'MatMul_58:0' shape=(?, 3) dtype=float64>, <tf.Tensor 'MatMul_59:0' shape=(?, 3) dtype=float64>, <tf.Tensor 'MatMul_60:0' shape=(?, 3) dtype=float64>, <tf.Tensor 'MatMul_61:0' shape=(?, 3) dtype=float64>, <tf.Tensor 'MatMul_62:0' shape=(?, 3) dtype=float64>, <tf.Tensor 'MatMul_63:0' shape=(?, 3) dtype=float64>, <tf.Tensor 'MatMul_64:0' shape=(?, 3) dtype=float64>, <tf.Tensor 'MatMul_65:0' shape=(?, 3) dtype=float64>, <tf.Tensor 'MatMul_66:0' shape=(?, 3) dtype=float64>, <tf.Tensor 'MatMul_67:0' shape=(?, 3) dtype=float64>, <tf.Tensor 'MatMul_68:0' shape=(?, 3) dtype=float64>, <tf.Tensor 'MatMul_69:0' shape=(?, 3) dtype=float64>, <tf.Tensor 'MatMul_70:0' shape=(?, 3) dtype=float64>, <tf.Tensor 'MatMul_71:0' shape=(?, 3) dtype=float64>, <tf.Tensor 'MatMul_72:0' shape=(?, 3) dtype=float64>, <tf.Tensor 'MatMul_73:0' shape=(?, 3) dtype=float64>, <tf.Tensor 'MatMul_74:0' shape=(?, 3) dtype=float64>, <tf.Tensor 'MatMul_75:0' shape=(?, 3) dtype=float64>, <tf.Tensor 'MatMul_76:0' shape=(?, 3) dtype=float64>, <tf.Tensor 'MatMul_77:0' shape=(?, 3) dtype=float64>, <tf.Tensor 'MatMul_78:0' shape=(?, 3) dtype=float64>, <tf.Tensor 'MatMul_79:0' shape=(?, 3) dtype=float64>]
num_iterations:  150
total time intervals:  80
# of dimensions:  3
